<?xml version="1.0" encoding="UTF-8"?>
<!-- Generated by org.testng.reporters.JUnitReportReporter -->
<testsuite hostname="LAPTOP-N330K14R" failures="0" tests="2" name="org.example.AppUITest" time="0.004" errors="0" timestamp="2021-12-01T13:44:24 IST" skipped="0">
  <testcase classname="org.example.AppUITest" name="Thisisapp" time="0.000"/>
  <system-out/>
  <testcase classname="org.example.AppUITest" name="Mobile" time="0.004"/>
  <system-out/>
</testsuite> <!-- org.example.AppUITest -->
