<?xml version="1.0" encoding="UTF-8"?>
<!-- Generated by org.testng.reporters.JUnitReportReporter -->
<testsuite hostname="LAPTOP-N330K14R" failures="0" tests="3" name="org.example.SeleniumTest" time="0.001" errors="0" timestamp="2021-12-10T21:39:23 IST" skipped="0">
  <testcase classname="org.example.SeleniumTest" name="elements" time="0.000"/>
  <system-out/>
  <testcase classname="org.example.SeleniumTest" name="twitterDelete" time="0.000"/>
  <system-out/>
  <testcase classname="org.example.SeleniumTest" name="elemen" time="0.001"/>
  <system-out/>
</testsuite> <!-- org.example.SeleniumTest -->
