<?xml version="1.0" encoding="UTF-8"?>
<!-- Generated by org.testng.reporters.JUnitReportReporter -->
<testsuite hostname="LAPTOP-N330K14R" failures="0" tests="2" name="org.example.AppiumTest" time="0.011" errors="0" timestamp="2021-12-10T21:39:23 IST" skipped="0">
  <testcase classname="org.example.AppiumTest" name="Mobile" time="0.010"/>
  <system-out/>
  <testcase classname="org.example.AppiumTest" name="Thisisapp" time="0.001"/>
  <system-out/>
</testsuite> <!-- org.example.AppiumTest -->
